{"level":"INFO","timestamp":"2025-07-29T13:45:08.620+0800","caller":"core/providers.go:124","msg":"info message","key":"value"}
{"level":"WARN","timestamp":"2025-07-29T13:45:08.621+0800","caller":"core/providers.go:129","msg":"warn message","key":"value"}
{"level":"ERROR","timestamp":"2025-07-29T13:45:08.621+0800","caller":"core/providers.go:134","msg":"error message","key":"value","stacktrace":"pumppill/rag/core.(*ZapLogger).Error\n\t/Users/xt/go/pumppill/rag/core/providers.go:134\npumppill/rag/core.TestLoggerProvider\n\t/Users/xt/go/pumppill/rag/core/providers_test.go:72\ntesting.tRunner\n\t/Users/xt/sdk/go/go1.24.4/src/testing/testing.go:1792"}
{"level":"INFO","timestamp":"2025-07-29T13:45:08.621+0800","caller":"core/providers.go:124","msg":"info test","field1":"value1"}
{"level":"WARN","timestamp":"2025-07-29T13:45:08.621+0800","caller":"core/providers.go:129","msg":"warn test"}
{"level":"ERROR","timestamp":"2025-07-29T13:45:08.621+0800","caller":"core/providers.go:134","msg":"error test","error":"test error","stacktrace":"pumppill/rag/core.(*ZapLogger).Error\n\t/Users/xt/go/pumppill/rag/core/providers.go:134\npumppill/rag/core.TestZapLogger\n\t/Users/xt/go/pumppill/rag/core/providers_test.go:97\ntesting.tRunner\n\t/Users/xt/sdk/go/go1.24.4/src/testing/testing.go:1792"}
{"level":"ERROR","timestamp":"2025-07-29T13:45:08.622+0800","caller":"core/providers.go:134","msg":"RAG error occurred","type":"validation","code":"TEST_ERROR","message":"测试错误","request_id":"","user_id":"","details":null,"stacktrace":"pumppill/rag/core.(*ZapLogger).Error\n\t/Users/xt/go/pumppill/rag/core/providers.go:134\npumppill/rag/core.(*ErrorHandler).HandleError\n\t/Users/xt/go/pumppill/rag/core/errors.go:211\npumppill/rag/core.TestErrorHandlerProvider\n\t/Users/xt/go/pumppill/rag/core/providers_test.go:184\ntesting.tRunner\n\t/Users/xt/sdk/go/go1.24.4/src/testing/testing.go:1792"}
{"level":"ERROR","timestamp":"2025-07-29T13:45:08.622+0800","caller":"core/providers.go:134","msg":"RAG error occurred","type":"validation","code":"INTEGRATION_TEST","message":"集成测试错误","request_id":"","user_id":"","details":null,"stacktrace":"pumppill/rag/core.(*ZapLogger).Error\n\t/Users/xt/go/pumppill/rag/core/providers.go:134\npumppill/rag/core.(*ErrorHandler).HandleError\n\t/Users/xt/go/pumppill/rag/core/errors.go:211\npumppill/rag/core.TestServiceProviderIntegration\n\t/Users/xt/go/pumppill/rag/core/providers_test.go:268\ntesting.tRunner\n\t/Users/xt/sdk/go/go1.24.4/src/testing/testing.go:1792"}
{"level":"INFO","timestamp":"2025-07-29T13:45:08.622+0800","caller":"core/providers.go:124","msg":"集成测试完成","test":"integration"}
{"level":"INFO","timestamp":"2025-07-29T13:46:14.673+0800","caller":"core/providers.go:124","msg":"info message","key":"value"}
{"level":"WARN","timestamp":"2025-07-29T13:46:14.673+0800","caller":"core/providers.go:129","msg":"warn message","key":"value"}
{"level":"ERROR","timestamp":"2025-07-29T13:46:14.673+0800","caller":"core/providers.go:134","msg":"error message","key":"value","stacktrace":"pumppill/rag/core.(*ZapLogger).Error\n\t/Users/xt/go/pumppill/rag/core/providers.go:134\npumppill/rag/core.TestLoggerProvider\n\t/Users/xt/go/pumppill/rag/core/providers_test.go:72\ntesting.tRunner\n\t/Users/xt/sdk/go/go1.24.4/src/testing/testing.go:1792"}
{"level":"INFO","timestamp":"2025-07-29T13:46:14.674+0800","caller":"core/providers.go:124","msg":"info test","field1":"value1"}
{"level":"WARN","timestamp":"2025-07-29T13:46:14.674+0800","caller":"core/providers.go:129","msg":"warn test"}
{"level":"ERROR","timestamp":"2025-07-29T13:46:14.674+0800","caller":"core/providers.go:134","msg":"error test","error":"test error","stacktrace":"pumppill/rag/core.(*ZapLogger).Error\n\t/Users/xt/go/pumppill/rag/core/providers.go:134\npumppill/rag/core.TestZapLogger\n\t/Users/xt/go/pumppill/rag/core/providers_test.go:97\ntesting.tRunner\n\t/Users/xt/sdk/go/go1.24.4/src/testing/testing.go:1792"}
{"level":"ERROR","timestamp":"2025-07-29T13:46:14.674+0800","caller":"core/providers.go:134","msg":"RAG error occurred","type":"validation","code":"TEST_ERROR","message":"测试错误","request_id":"","user_id":"","details":null,"stacktrace":"pumppill/rag/core.(*ZapLogger).Error\n\t/Users/xt/go/pumppill/rag/core/providers.go:134\npumppill/rag/core.(*ErrorHandler).HandleError\n\t/Users/xt/go/pumppill/rag/core/errors.go:211\npumppill/rag/core.TestErrorHandlerProvider\n\t/Users/xt/go/pumppill/rag/core/providers_test.go:184\ntesting.tRunner\n\t/Users/xt/sdk/go/go1.24.4/src/testing/testing.go:1792"}
{"level":"ERROR","timestamp":"2025-07-29T13:46:14.674+0800","caller":"core/providers.go:134","msg":"RAG error occurred","type":"validation","code":"INTEGRATION_TEST","message":"集成测试错误","request_id":"","user_id":"","details":null,"stacktrace":"pumppill/rag/core.(*ZapLogger).Error\n\t/Users/xt/go/pumppill/rag/core/providers.go:134\npumppill/rag/core.(*ErrorHandler).HandleError\n\t/Users/xt/go/pumppill/rag/core/errors.go:211\npumppill/rag/core.TestServiceProviderIntegration\n\t/Users/xt/go/pumppill/rag/core/providers_test.go:268\ntesting.tRunner\n\t/Users/xt/sdk/go/go1.24.4/src/testing/testing.go:1792"}
{"level":"INFO","timestamp":"2025-07-29T13:46:14.674+0800","caller":"core/providers.go:124","msg":"集成测试完成","test":"integration"}
{"level":"INFO","timestamp":"2025-07-29T13:46:50.264+0800","caller":"core/providers.go:124","msg":"info message","key":"value"}
{"level":"WARN","timestamp":"2025-07-29T13:46:50.265+0800","caller":"core/providers.go:129","msg":"warn message","key":"value"}
{"level":"ERROR","timestamp":"2025-07-29T13:46:50.265+0800","caller":"core/providers.go:134","msg":"error message","key":"value","stacktrace":"pumppill/rag/core.(*ZapLogger).Error\n\t/Users/xt/go/pumppill/rag/core/providers.go:134\npumppill/rag/core.TestLoggerProvider\n\t/Users/xt/go/pumppill/rag/core/providers_test.go:72\ntesting.tRunner\n\t/Users/xt/sdk/go/go1.24.4/src/testing/testing.go:1792"}
{"level":"INFO","timestamp":"2025-07-29T13:46:50.265+0800","caller":"core/providers.go:124","msg":"info test","field1":"value1"}
{"level":"WARN","timestamp":"2025-07-29T13:46:50.265+0800","caller":"core/providers.go:129","msg":"warn test"}
{"level":"ERROR","timestamp":"2025-07-29T13:46:50.265+0800","caller":"core/providers.go:134","msg":"error test","error":"test error","stacktrace":"pumppill/rag/core.(*ZapLogger).Error\n\t/Users/xt/go/pumppill/rag/core/providers.go:134\npumppill/rag/core.TestZapLogger\n\t/Users/xt/go/pumppill/rag/core/providers_test.go:97\ntesting.tRunner\n\t/Users/xt/sdk/go/go1.24.4/src/testing/testing.go:1792"}
{"level":"ERROR","timestamp":"2025-07-29T13:46:50.265+0800","caller":"core/providers.go:134","msg":"RAG error occurred","type":"validation","code":"TEST_ERROR","message":"测试错误","request_id":"","user_id":"","details":null,"stacktrace":"pumppill/rag/core.(*ZapLogger).Error\n\t/Users/xt/go/pumppill/rag/core/providers.go:134\npumppill/rag/core.(*ErrorHandler).HandleError\n\t/Users/xt/go/pumppill/rag/core/errors.go:211\npumppill/rag/core.TestErrorHandlerProvider\n\t/Users/xt/go/pumppill/rag/core/providers_test.go:184\ntesting.tRunner\n\t/Users/xt/sdk/go/go1.24.4/src/testing/testing.go:1792"}
{"level":"ERROR","timestamp":"2025-07-29T13:46:50.265+0800","caller":"core/providers.go:134","msg":"RAG error occurred","type":"validation","code":"INTEGRATION_TEST","message":"集成测试错误","request_id":"","user_id":"","details":null,"stacktrace":"pumppill/rag/core.(*ZapLogger).Error\n\t/Users/xt/go/pumppill/rag/core/providers.go:134\npumppill/rag/core.(*ErrorHandler).HandleError\n\t/Users/xt/go/pumppill/rag/core/errors.go:211\npumppill/rag/core.TestServiceProviderIntegration\n\t/Users/xt/go/pumppill/rag/core/providers_test.go:268\ntesting.tRunner\n\t/Users/xt/sdk/go/go1.24.4/src/testing/testing.go:1792"}
{"level":"INFO","timestamp":"2025-07-29T13:46:50.266+0800","caller":"core/providers.go:124","msg":"集成测试完成","test":"integration"}
